# JRE version: OpenJDK Runtime Environment Microsoft-8035246 (17.0.8+7) (build 17.0.8+7-LTS)
# Java VM: OpenJDK 64-Bit Server VM Microsoft-8035246 (17.0.8+7-LTS, mixed mode, sharing, tiered, compressed oops, compressed class ptrs, g1 gc, windows-amd64)
GC Precious Log:
 CPUs: 8 total, 8 available
 Memory: 16274M
 Large Page Support: Disabled
 NUMA Support: Disabled
 Compressed Oops: Enabled (32-bit)
 Heap Region Size: 1M
 Heap Min Capacity: 8M
 Heap Initial Capacity: 256M
 Heap Max Capacity: 2G
 Pre-touch: Disabled
 Parallel Workers: 8
 Concurrent Workers: 2
 Concurrent Refinement Workers: 8
 Periodic GC: Disabled
Heap:
 garbage-first heap   total 232448K, used 175757K [0x0000000080000000, 0x0000000100000000)
  region size 1024K, 11 young (11264K), 2 survivors (2048K)
 Metaspace       used 103669K, committed 104768K, reserved 557056K
  class space    used 14425K, committed 14912K, reserved 425984K
GC Heap History (20 events):
Event: 75.853 GC heap before
{Heap before GC invocations=57 (full 0):
 garbage-first heap   total 232448K, used 146655K [0x0000000080000000, 0x0000000100000000)
  region size 1024K, 11 young (11264K), 2 survivors (2048K)
 Metaspace       used 94343K, committed 95296K, reserved 557056K
  class space    used 13154K, committed 13568K, reserved 425984K
}
Event: 75.862 GC heap after
{Heap after GC invocations=58 (full 0):
 garbage-first heap   total 232448K, used 140006K [0x0000000080000000, 0x0000000100000000)
  region size 1024K, 2 young (2048K), 2 survivors (2048K)
 Metaspace       used 94343K, committed 95296K, reserved 557056K
  class space    used 13154K, committed 13568K, reserved 425984K
}
Event: 77.362 GC heap before
{Heap before GC invocations=58 (full 0):
 garbage-first heap   total 232448K, used 173798K [0x0000000080000000, 0x0000000100000000)
  region size 1024K, 35 young (35840K), 2 survivors (2048K)
 Metaspace       used 96398K, committed 97344K, reserved 557056K
  class space    used 13440K, committed 13888K, reserved 425984K
}
Event: 77.373 GC heap after
{Heap after GC invocations=59 (full 0):
 garbage-first heap   total 232448K, used 142504K [0x0000000080000000, 0x0000000100000000)
  region size 1024K, 5 young (5120K), 5 survivors (5120K)
 Metaspace       used 96398K, committed 97344K, reserved 557056K
  class space    used 13440K, committed 13888K, reserved 425984K
}
Event: 79.144 GC heap before
{Heap before GC invocations=59 (full 0):
 garbage-first heap   total 232448K, used 178344K [0x0000000080000000, 0x0000000100000000)
  region size 1024K, 40 young (40960K), 5 survivors (5120K)
 Metaspace       used 99377K, committed 100352K, reserved 557056K
  class space    used 13879K, committed 14336K, reserved 425984K
}
Event: 79.156 GC heap after
{Heap after GC invocations=60 (full 0):
 garbage-first heap   total 232448K, used 144582K [0x0000000080000000, 0x0000000100000000)
  region size 1024K, 5 young (5120K), 5 survivors (5120K)
 Metaspace       used 99377K, committed 100352K, reserved 557056K
  class space    used 13879K, committed 14336K, reserved 425984K
}
Event: 80.695 GC heap before
{Heap before GC invocations=60 (full 0):
 garbage-first heap   total 232448K, used 181446K [0x0000000080000000, 0x0000000100000000)
  region size 1024K, 41 young (41984K), 5 survivors (5120K)
 Metaspace       used 100912K, committed 101888K, reserved 557056K
  class space    used 14071K, committed 14528K, reserved 425984K
}
Event: 80.718 GC heap after
{Heap after GC invocations=61 (full 0):
 garbage-first heap   total 232448K, used 148733K [0x0000000080000000, 0x0000000100000000)
  region size 1024K, 6 young (6144K), 6 survivors (6144K)
 Metaspace       used 100912K, committed 101888K, reserved 557056K
  class space    used 14071K, committed 14528K, reserved 425984K
}
Event: 82.246 GC heap before
{Heap before GC invocations=61 (full 0):
 garbage-first heap   total 232448K, used 185597K [0x0000000080000000, 0x0000000100000000)
  region size 1024K, 42 young (43008K), 6 survivors (6144K)
 Metaspace       used 101745K, committed 102784K, reserved 557056K
  class space    used 14161K, committed 14656K, reserved 425984K
}
Event: 82.264 GC heap after
{Heap after GC invocations=62 (full 0):
 garbage-first heap   total 232448K, used 152909K [0x0000000080000000, 0x0000000100000000)
  region size 1024K, 5 young (5120K), 5 survivors (5120K)
 Metaspace       used 101745K, committed 102784K, reserved 557056K
  class space    used 14161K, committed 14656K, reserved 425984K
}
Event: 83.969 GC heap before
{Heap before GC invocations=62 (full 0):
 garbage-first heap   total 232448K, used 187725K [0x0000000080000000, 0x0000000100000000)
  region size 1024K, 39 young (39936K), 5 survivors (5120K)
 Metaspace       used 102052K, committed 103040K, reserved 557056K
  class space    used 14190K, committed 14656K, reserved 425984K
}
Event: 83.986 GC heap after
{Heap after GC invocations=63 (full 0):
 garbage-first heap   total 232448K, used 157148K [0x0000000080000000, 0x0000000100000000)
  region size 1024K, 5 young (5120K), 5 survivors (5120K)
 Metaspace       used 102052K, committed 103040K, reserved 557056K
  class space    used 14190K, committed 14656K, reserved 425984K
}
Event: 85.530 GC heap before
{Heap before GC invocations=63 (full 0):
 garbage-first heap   total 232448K, used 189916K [0x0000000080000000, 0x0000000100000000)
  region size 1024K, 38 young (38912K), 5 survivors (5120K)
 Metaspace       used 102980K, committed 104064K, reserved 557056K
  class space    used 14363K, committed 14848K, reserved 425984K
}
Event: 85.550 GC heap after
{Heap after GC invocations=64 (full 0):
 garbage-first heap   total 232448K, used 160319K [0x0000000080000000, 0x0000000100000000)
  region size 1024K, 4 young (4096K), 4 survivors (4096K)
 Metaspace       used 102980K, committed 104064K, reserved 557056K
  class space    used 14363K, committed 14848K, reserved 425984K
}
Event: 87.154 GC heap before
{Heap before GC invocations=64 (full 0):
 garbage-first heap   total 232448K, used 192063K [0x0000000080000000, 0x0000000100000000)
  region size 1024K, 36 young (36864K), 4 survivors (4096K)
 Metaspace       used 103390K, committed 104448K, reserved 557056K
  class space    used 14400K, committed 14912K, reserved 425984K
}
Event: 87.165 GC heap after
{Heap after GC invocations=65 (full 0):
 garbage-first heap   total 232448K, used 161457K [0x0000000080000000, 0x0000000100000000)
  region size 1024K, 2 young (2048K), 2 survivors (2048K)
 Metaspace       used 103390K, committed 104448K, reserved 557056K
  class space    used 14400K, committed 14912K, reserved 425984K
}
Event: 88.656 GC heap before
{Heap before GC invocations=65 (full 0):
 garbage-first heap   total 232448K, used 194225K [0x0000000080000000, 0x0000000100000000)
  region size 1024K, 35 young (35840K), 2 survivors (2048K)
 Metaspace       used 103605K, committed 104640K, reserved 557056K
  class space    used 14425K, committed 14912K, reserved 425984K
}
Event: 88.668 GC heap after
{Heap after GC invocations=66 (full 0):
 garbage-first heap   total 232448K, used 165619K [0x0000000080000000, 0x0000000100000000)
  region size 1024K, 5 young (5120K), 5 survivors (5120K)
 Metaspace       used 103605K, committed 104640K, reserved 557056K
  class space    used 14425K, committed 14912K, reserved 425984K
}
Event: 90.313 GC heap before
{Heap before GC invocations=66 (full 0):
 garbage-first heap   total 232448K, used 195315K [0x0000000080000000, 0x0000000100000000)
  region size 1024K, 35 young (35840K), 5 survivors (5120K)
 Metaspace       used 103669K, committed 104768K, reserved 557056K
  class space    used 14425K, committed 14912K, reserved 425984K
}
Event: 90.323 GC heap after
{Heap after GC invocations=67 (full 0):
 garbage-first heap   total 232448K, used 167565K [0x0000000080000000, 0x0000000100000000)
  region size 1024K, 2 young (2048K), 2 survivors (2048K)
 Metaspace       used 103669K, committed 104768K, reserved 557056K
  class space    used 14425K, committed 14912K, reserved 425984K
}

