# JRE version: OpenJDK Runtime Environment Microsoft-8035246 (17.0.8+7) (build 17.0.8+7-LTS)
# Java VM: OpenJDK 64-Bit Server VM Microsoft-8035246 (17.0.8+7-LTS, mixed mode, sharing, tiered, compressed oops, compressed class ptrs, g1 gc, windows-amd64)
GC Precious Log:
 CPUs: 8 total, 8 available
 Memory: 16274M
 Large Page Support: Disabled
 NUMA Support: Disabled
 Compressed Oops: Enabled (32-bit)
 Heap Region Size: 1M
 Heap Min Capacity: 8M
 Heap Initial Capacity: 256M
 Heap Max Capacity: 2G
 Pre-touch: Disabled
 Parallel Workers: 8
 Concurrent Workers: 2
 Concurrent Refinement Workers: 8
 Periodic GC: Disabled
Heap:
 garbage-first heap   total 251904K, used 211231K [0x0000000080000000, 0x0000000100000000)
  region size 1024K, 49 young (50176K), 7 survivors (7168K)
 Metaspace       used 98410K, committed 99456K, reserved 557056K
  class space    used 13771K, committed 14272K, reserved 425984K
GC Heap History (20 events):
Event: 36.452 GC heap before
{Heap before GC invocations=42 (full 0):
 garbage-first heap   total 164864K, used 90341K [0x0000000080000000, 0x0000000100000000)
  region size 1024K, 8 young (8192K), 5 survivors (5120K)
 Metaspace       used 76508K, committed 77248K, reserved 557056K
  class space    used 10687K, committed 11072K, reserved 425984K
}
Event: 36.462 GC heap after
{Heap after GC invocations=43 (full 0):
 garbage-first heap   total 251904K, used 87309K [0x0000000080000000, 0x0000000100000000)
  region size 1024K, 1 young (1024K), 1 survivors (1024K)
 Metaspace       used 76508K, committed 77248K, reserved 557056K
  class space    used 10687K, committed 11072K, reserved 425984K
}
Event: 45.960 GC heap before
{Heap before GC invocations=43 (full 0):
 garbage-first heap   total 251904K, used 181517K [0x0000000080000000, 0x0000000100000000)
  region size 1024K, 93 young (95232K), 1 survivors (1024K)
 Metaspace       used 81206K, committed 81920K, reserved 557056K
  class space    used 11437K, committed 11776K, reserved 425984K
}
Event: 45.969 GC heap after
{Heap after GC invocations=44 (full 0):
 garbage-first heap   total 251904K, used 91574K [0x0000000080000000, 0x0000000100000000)
  region size 1024K, 5 young (5120K), 5 survivors (5120K)
 Metaspace       used 81206K, committed 81920K, reserved 557056K
  class space    used 11437K, committed 11776K, reserved 425984K
}
Event: 48.361 GC heap before
{Heap before GC invocations=44 (full 0):
 garbage-first heap   total 251904K, used 187830K [0x0000000080000000, 0x0000000100000000)
  region size 1024K, 99 young (101376K), 5 survivors (5120K)
 Metaspace       used 87485K, committed 88256K, reserved 557056K
  class space    used 12355K, committed 12736K, reserved 425984K
}
Event: 48.386 GC heap after
{Heap after GC invocations=45 (full 0):
 garbage-first heap   total 251904K, used 101434K [0x0000000080000000, 0x0000000100000000)
  region size 1024K, 13 young (13312K), 13 survivors (13312K)
 Metaspace       used 87485K, committed 88256K, reserved 557056K
  class space    used 12355K, committed 12736K, reserved 425984K
}
Event: 50.625 GC heap before
{Heap before GC invocations=45 (full 0):
 garbage-first heap   total 251904K, used 198714K [0x0000000080000000, 0x0000000100000000)
  region size 1024K, 100 young (102400K), 13 survivors (13312K)
 Metaspace       used 88727K, committed 89600K, reserved 557056K
  class space    used 12482K, committed 12864K, reserved 425984K
}
Event: 50.649 GC heap after
{Heap after GC invocations=46 (full 0):
 garbage-first heap   total 251904K, used 131645K [0x0000000080000000, 0x0000000100000000)
  region size 1024K, 13 young (13312K), 13 survivors (13312K)
 Metaspace       used 88727K, committed 89600K, reserved 557056K
  class space    used 12482K, committed 12864K, reserved 425984K
}
Event: 52.877 GC heap before
{Heap before GC invocations=46 (full 0):
 garbage-first heap   total 251904K, used 196157K [0x0000000080000000, 0x0000000100000000)
  region size 1024K, 75 young (76800K), 13 survivors (13312K)
 Metaspace       used 92304K, committed 93312K, reserved 557056K
  class space    used 13009K, committed 13504K, reserved 425984K
}
Event: 52.891 GC heap after
{Heap after GC invocations=47 (full 0):
 garbage-first heap   total 251904K, used 142180K [0x0000000080000000, 0x0000000100000000)
  region size 1024K, 8 young (8192K), 8 survivors (8192K)
 Metaspace       used 92304K, committed 93312K, reserved 557056K
  class space    used 13009K, committed 13504K, reserved 425984K
}
Event: 55.560 GC heap before
{Heap before GC invocations=47 (full 0):
 garbage-first heap   total 251904K, used 198500K [0x0000000080000000, 0x0000000100000000)
  region size 1024K, 63 young (64512K), 8 survivors (8192K)
 Metaspace       used 95566K, committed 96576K, reserved 557056K
  class space    used 13424K, committed 13888K, reserved 425984K
}
Event: 55.590 GC heap after
{Heap after GC invocations=48 (full 0):
 garbage-first heap   total 251904K, used 147436K [0x0000000080000000, 0x0000000100000000)
  region size 1024K, 6 young (6144K), 6 survivors (6144K)
 Metaspace       used 95566K, committed 96576K, reserved 557056K
  class space    used 13424K, committed 13888K, reserved 425984K
}
Event: 57.459 GC heap before
{Heap before GC invocations=48 (full 0):
 garbage-first heap   total 251904K, used 202732K [0x0000000080000000, 0x0000000100000000)
  region size 1024K, 60 young (61440K), 6 survivors (6144K)
 Metaspace       used 96486K, committed 97408K, reserved 557056K
  class space    used 13521K, committed 13952K, reserved 425984K
}
Event: 57.474 GC heap after
{Heap after GC invocations=49 (full 0):
 garbage-first heap   total 251904K, used 153699K [0x0000000080000000, 0x0000000100000000)
  region size 1024K, 7 young (7168K), 7 survivors (7168K)
 Metaspace       used 96486K, committed 97408K, reserved 557056K
  class space    used 13521K, committed 13952K, reserved 425984K
}
Event: 58.216 GC heap before
{Heap before GC invocations=49 (full 0):
 garbage-first heap   total 251904K, used 204899K [0x0000000080000000, 0x0000000100000000)
  region size 1024K, 57 young (58368K), 7 survivors (7168K)
 Metaspace       used 97525K, committed 98560K, reserved 557056K
  class space    used 13687K, committed 14144K, reserved 425984K
}
Event: 58.230 GC heap after
{Heap after GC invocations=50 (full 0):
 garbage-first heap   total 251904K, used 159607K [0x0000000080000000, 0x0000000100000000)
  region size 1024K, 6 young (6144K), 6 survivors (6144K)
 Metaspace       used 97525K, committed 98560K, reserved 557056K
  class space    used 13687K, committed 14144K, reserved 425984K
}
Event: 59.034 GC heap before
{Heap before GC invocations=50 (full 0):
 garbage-first heap   total 251904K, used 206711K [0x0000000080000000, 0x0000000100000000)
  region size 1024K, 53 young (54272K), 6 survivors (6144K)
 Metaspace       used 98236K, committed 99264K, reserved 557056K
  class space    used 13768K, committed 14272K, reserved 425984K
}
Event: 59.047 GC heap after
{Heap after GC invocations=51 (full 0):
 garbage-first heap   total 251904K, used 163095K [0x0000000080000000, 0x0000000100000000)
  region size 1024K, 4 young (4096K), 4 survivors (4096K)
 Metaspace       used 98236K, committed 99264K, reserved 557056K
  class space    used 13768K, committed 14272K, reserved 425984K
}
Event: 59.462 GC heap before
{Heap before GC invocations=51 (full 0):
 garbage-first heap   total 251904K, used 208151K [0x0000000080000000, 0x0000000100000000)
  region size 1024K, 49 young (50176K), 4 survivors (4096K)
 Metaspace       used 98370K, committed 99392K, reserved 557056K
  class space    used 13768K, committed 14272K, reserved 425984K
}
Event: 59.471 GC heap after
{Heap after GC invocations=52 (full 0):
 garbage-first heap   total 251904K, used 166175K [0x0000000080000000, 0x0000000100000000)
  region size 1024K, 7 young (7168K), 7 survivors (7168K)
 Metaspace       used 98370K, committed 99392K, reserved 557056K
  class space    used 13768K, committed 14272K, reserved 425984K
}

